[10:39:10] Using gulpfile ~/Github/personal/gulpfile.js
[10:39:10] Starting 'watch'...
[10:48:40] Using gulpfile ~/Github/personal/gulpfile.js
[10:48:40] Starting 'watch'...
[10:51:57] Starting 'less'...
[10:51:57] Starting 'less'...
[10:51:57] Finished 'less' after 10 ms
[10:51:57] Finished 'less' after 61 ms
[11:03:49] Starting 'less'...
[11:03:49] Finished 'less' after 8.61 ms
[11:03:49] Starting 'less'...
[11:03:49] Finished 'less' after 2.79 ms
[11:28:30] Starting 'less'...
[11:28:30] Finished 'less' after 2.85 ms
[11:28:30] Starting 'less'...
Potentially unhandled rejection [2] directive options not recognised in file /Users/Meishizhaoshi/Github/personal/static/less/first.less line no. 4
[11:30:52] Starting 'less'...
[11:30:52] Finished 'less' after 2.08 ms
[11:31:15] Starting 'less'...
[11:31:15] Finished 'less' after 2.86 ms
[11:32:33] Starting 'less'...
[11:32:33] Finished 'less' after 1.71 ms
[11:34:07] Starting 'less'...
[11:34:07] Finished 'less' after 1.15 ms
[11:38:12] Starting 'less'...
[11:38:12] Finished 'less' after 2.32 ms
[11:38:14] Starting 'less'...
[11:38:14] Finished 'less' after 1.09 ms
[11:38:15] Starting 'less'...
[11:38:15] Finished 'less' after 2 ms
[11:38:18] Starting 'less'...
[11:38:18] Finished 'less' after 1.12 ms
[11:38:20] Starting 'less'...
[11:38:20] Finished 'less' after 2.37 ms
(node:83433) Warning: Possible EventEmitter memory leak detected. 11 task_stop listeners added. Use emitter.setMaxListeners() to increase limit
(node:83433) Warning: Possible EventEmitter memory leak detected. 11 task_not_found listeners added. Use emitter.setMaxListeners() to increase limit
(node:83433) Warning: Possible EventEmitter memory leak detected. 11 task_err listeners added. Use emitter.setMaxListeners() to increase limit
[11:38:22] Starting 'less'...
[11:38:22] Finished 'less' after 1.24 ms
(node:83433) Warning: Possible EventEmitter memory leak detected. 11 task_recursion listeners added. Use emitter.setMaxListeners() to increase limit
[11:38:23] Starting 'less'...
[11:38:23] Finished 'less' after 1.14 ms
[11:38:26] Starting 'less'...
[11:38:26] Finished 'less' after 1.14 ms
[11:38:36] Starting 'less'...
[11:38:36] Finished 'less' after 1.88 ms
[11:38:40] Starting 'less'...
[11:38:40] Finished 'less' after 2.06 ms
[11:41:18] Starting 'less'...
[11:41:18] Finished 'less' after 2.45 ms
[11:41:54] Starting 'less'...
[11:41:54] Finished 'less' after 1.2 ms
[11:42:03] Starting 'less'...
[11:42:03] Finished 'less' after 1.31 ms
[11:42:52] Starting 'less'...
[11:42:52] Finished 'less' after 2.04 ms
[11:19:59] Starting 'less'...
[11:19:59] Finished 'less' after 22 ms
[11:20:49] Starting 'less'...
[11:20:49] Finished 'less' after 1.19 ms
[11:21:03] Starting 'less'...
[11:21:03] Finished 'less' after 1.73 ms
[21:58:19] Starting 'less'...
[21:58:19] Finished 'less' after 2.99 ms
[22:00:15] Starting 'less'...
[22:00:15] Finished 'less' after 1.39 ms
[22:00:34] Starting 'less'...
[22:00:34] Finished 'less' after 849 μs
[22:04:33] Starting 'less'...
[22:04:33] Finished 'less' after 825 μs
[22:05:17] Starting 'less'...
[22:05:17] Finished 'less' after 1.16 ms
[22:05:41] Starting 'less'...
[22:05:41] Finished 'less' after 1.23 ms
[22:19:38] Starting 'less'...
[22:19:38] Finished 'less' after 7.11 ms
[22:20:12] Starting 'less'...
[22:20:12] Finished 'less' after 2.63 ms
[22:20:21] Starting 'less'...
[22:20:21] Finished 'less' after 12 ms
[22:20:45] Starting 'less'...
[22:20:45] Finished 'less' after 718 μs
[22:25:46] Starting 'less'...
[22:25:46] Finished 'less' after 2.08 ms
[22:25:47] Starting 'less'...
[22:25:47] Finished 'less' after 712 μs
[22:26:09] Starting 'less'...
[22:26:09] Finished 'less' after 1.4 ms
[09:53:02] Starting 'less'...
[09:53:02] Finished 'less' after 6.8 ms
[12:22:58] Starting 'less'...
[12:22:58] Finished 'less' after 1.92 ms
[12:23:21] Starting 'less'...
[12:23:21] Finished 'less' after 1.27 ms
[12:52:43] Starting 'less'...
[12:52:43] Finished 'less' after 1.6 ms
[12:53:07] Starting 'less'...
[12:53:07] Finished 'less' after 1.09 ms
[12:53:43] Starting 'less'...
[12:53:43] Finished 'less' after 1.64 ms
[12:55:44] Starting 'less'...
[12:55:44] Finished 'less' after 4.96 ms
[12:56:07] Starting 'less'...
[12:56:07] Finished 'less' after 1.42 ms
[12:56:07] Starting 'less'...
[12:56:07] Finished 'less' after 1.11 ms
[12:56:36] Starting 'less'...
[12:56:36] Finished 'less' after 988 μs
[12:56:59] Starting 'less'...
[12:56:59] Finished 'less' after 2.55 ms
[12:58:31] Starting 'less'...
[12:58:31] Finished 'less' after 9.37 ms
[14:04:33] Starting 'less'...
[14:04:33] Finished 'less' after 842 μs
[14:04:52] Starting 'less'...
[14:04:52] Finished 'less' after 2.21 ms
[14:05:08] Starting 'less'...
[14:05:08] Finished 'less' after 886 μs
[14:05:09] Starting 'less'...
[14:05:09] Finished 'less' after 5.43 ms
[14:07:02] Starting 'less'...
[14:07:02] Finished 'less' after 1.2 ms
[14:11:25] Starting 'less'...
[14:11:25] Finished 'less' after 1.21 ms
[14:11:28] Starting 'less'...
[14:11:28] Finished 'less' after 5.48 ms
[14:11:30] Starting 'less'...
[14:11:30] Finished 'less' after 1.33 ms
[14:13:18] Starting 'less'...
[14:13:18] Finished 'less' after 1.18 ms
[14:13:35] Starting 'less'...
[14:13:35] Finished 'less' after 1.99 ms
[14:28:09] Starting 'less'...
[14:28:09] Finished 'less' after 1.08 ms
[14:28:34] Starting 'less'...
[14:28:34] Finished 'less' after 1.01 ms
[14:29:01] Starting 'less'...
[14:29:01] Finished 'less' after 2.52 ms
[14:30:12] Starting 'less'...
[14:30:12] Finished 'less' after 1.07 ms
[14:30:26] Starting 'less'...
[14:30:26] Finished 'less' after 1.01 ms
[14:30:39] Starting 'less'...
[14:30:39] Finished 'less' after 1.09 ms
[14:30:56] Starting 'less'...
[14:30:56] Finished 'less' after 5.31 ms
[14:31:05] Starting 'less'...
[14:31:05] Finished 'less' after 3.67 ms
[15:36:16] Starting 'less'...
[15:36:16] Finished 'less' after 4.97 ms
[15:38:56] Starting 'less'...
[15:38:56] Finished 'less' after 1.56 ms
[15:41:10] Starting 'less'...
[15:41:10] Finished 'less' after 1.26 ms
[15:44:38] Starting 'less'...
[15:44:38] Finished 'less' after 1.07 ms
[15:45:13] Starting 'less'...
[15:45:13] Finished 'less' after 1.22 ms
[15:45:14] Starting 'less'...
[15:45:14] Finished 'less' after 1.61 ms
[15:46:08] Starting 'less'...
[15:46:08] Finished 'less' after 1.18 ms
[15:47:26] Starting 'less'...
[15:47:26] Finished 'less' after 1.54 ms
[15:49:00] Starting 'less'...
[15:49:00] Finished 'less' after 1.74 ms
[15:49:01] Starting 'less'...
[15:49:01] Finished 'less' after 2.97 ms
[11:20:20] Starting 'less'...
[11:20:20] Finished 'less' after 4.65 ms
[11:22:33] Starting 'less'...
[11:22:33] Finished 'less' after 1.21 ms
[11:54:53] Starting 'less'...
[11:54:53] Finished 'less' after 1.58 ms
[11:56:01] Starting 'less'...
[11:56:01] Finished 'less' after 1.31 ms
[11:56:02] Starting 'less'...
[11:56:02] Finished 'less' after 1.32 ms
[11:57:15] Starting 'less'...
[11:57:15] Finished 'less' after 782 μs
[11:58:04] Starting 'less'...
[11:58:04] Finished 'less' after 1.71 ms
[11:58:26] Starting 'less'...
[11:58:26] Finished 'less' after 1.41 ms
[11:59:14] Starting 'less'...
[11:59:14] Finished 'less' after 2.22 ms
[12:00:21] Starting 'less'...
[12:00:21] Finished 'less' after 823 μs
[14:40:04] Starting 'less'...
[14:40:04] Finished 'less' after 8.01 ms
[14:40:05] Starting 'less'...
[14:40:05] Finished 'less' after 5.98 ms
[14:40:15] Starting 'less'...
[14:40:15] Finished 'less' after 720 μs
[14:40:53] Starting 'less'...
[14:40:53] Finished 'less' after 2.7 ms
[14:42:00] Starting 'less'...
[14:42:00] Finished 'less' after 1.34 ms
[14:42:46] Starting 'less'...
[14:42:46] Finished 'less' after 1.01 ms
[14:42:48] Starting 'less'...
[14:42:48] Finished 'less' after 1.01 ms
[14:44:50] Starting 'less'...
[14:44:50] Finished 'less' after 1.8 ms
[14:44:58] Starting 'less'...
[14:44:58] Finished 'less' after 2.11 ms
[14:45:25] Starting 'less'...
[14:45:25] Finished 'less' after 8.08 ms
[14:46:01] Starting 'less'...
[14:46:01] Finished 'less' after 836 μs
[14:46:48] Starting 'less'...
[14:46:48] Finished 'less' after 7.86 ms
[14:47:00] Starting 'less'...
[14:47:00] Finished 'less' after 980 μs
[14:47:24] Starting 'less'...
[14:47:24] Finished 'less' after 1.94 ms
[14:47:54] Starting 'less'...
[14:47:54] Finished 'less' after 1.58 ms
[14:55:19] Starting 'less'...
[14:55:19] Finished 'less' after 2.21 ms
[15:26:22] Starting 'less'...
[15:26:22] Finished 'less' after 784 μs
[15:26:40] Starting 'less'...
[15:26:40] Finished 'less' after 728 μs
[15:26:47] Starting 'less'...
[15:26:47] Finished 'less' after 1.01 ms
[15:28:31] Starting 'less'...
[15:28:31] Finished 'less' after 1.25 ms
[15:29:03] Starting 'less'...
[15:29:03] Finished 'less' after 2.16 ms
[15:29:05] Starting 'less'...
[15:29:05] Finished 'less' after 2.44 ms
[15:34:05] Starting 'less'...
[15:34:05] Finished 'less' after 1.29 ms
[15:37:42] Starting 'less'...
[15:37:42] Finished 'less' after 1.1 ms
[15:40:47] Starting 'less'...
[15:40:47] Finished 'less' after 2.68 ms
[15:40:58] Starting 'less'...
[15:40:58] Finished 'less' after 1.77 ms
[15:41:21] Starting 'less'...
[15:41:21] Finished 'less' after 932 μs
[15:42:47] Starting 'less'...
[15:42:47] Finished 'less' after 1.35 ms
[16:01:54] Starting 'less'...
[16:01:54] Finished 'less' after 1.27 ms
[10:46:00] Starting 'less'...
[10:46:00] Finished 'less' after 16 ms
[10:46:01] Starting 'less'...
[10:46:01] Finished 'less' after 1.45 ms
[10:51:08] Starting 'less'...
[10:51:08] Finished 'less' after 1.09 ms
[10:51:33] Starting 'less'...
[10:51:33] Finished 'less' after 1.05 ms
[14:22:23] Starting 'less'...
[14:22:23] Finished 'less' after 4.97 ms
[14:22:56] Starting 'less'...
[14:22:56] Finished 'less' after 686 μs
[14:34:18] Starting 'less'...
[14:34:18] Finished 'less' after 1.06 ms
[14:34:21] Starting 'less'...
[14:34:21] Finished 'less' after 1.8 ms
[14:34:54] Starting 'less'...
[14:34:54] Finished 'less' after 5.19 ms
[14:34:55] Starting 'less'...
[14:34:55] Finished 'less' after 3.52 ms
[14:42:40] Starting 'less'...
[14:42:40] Finished 'less' after 2.78 ms
[14:42:41] Starting 'less'...
[14:42:41] Finished 'less' after 2.79 ms
